
Lmod is automatically replacing "gcc/12.1.0" with "cce/14.0.3".


Lmod is automatically replacing "PrgEnv-gnu/8.3.3" with "PrgEnv-cray/8.3.3".


Due to MODULEPATH changes, the following have been reloaded:
  1) cray-mpich/8.1.19



========================================
========================================
Measuring Peak Performance THREADS=8
Using: srun -l -u -n 1 -c 8 dgemm 3200 | sort -n
0:  
0: Dynamic threads enabled?      = 1
0: In parallel?                  = 0
0: Max threads                   = 8
0: N = 3200, Gflop/s 363.722538, Gflop/s per thread 45.465317
0: Nested parallelism supported? = 0
0: Number of processors          = 256
0: Number of threads             = 1


========================================
========================================
Measuring Peak Performance full chip THREADS=8
Using: srun -l -u -n 8 -c 8 dgemm 3200 |sort -n
0:  
0: Dynamic threads enabled?      = 1
0: In parallel?                  = 0
0: Max threads                   = 8
0: N = 3200, Gflop/s 271.299654, Gflop/s per thread 33.912457
0: Nested parallelism supported? = 0
0: Number of processors          = 256
0: Number of threads             = 1
1:  
1: Dynamic threads enabled?      = 1
1: In parallel?                  = 0
1: Max threads                   = 8
1: N = 3200, Gflop/s 271.417403, Gflop/s per thread 33.927175
1: Nested parallelism supported? = 0
1: Number of processors          = 256
1: Number of threads             = 1
2:  
2: Dynamic threads enabled?      = 1
2: In parallel?                  = 0
2: Max threads                   = 8
2: N = 3200, Gflop/s 272.677874, Gflop/s per thread 34.084734
2: Nested parallelism supported? = 0
2: Number of processors          = 256
2: Number of threads             = 1
3:  
3: Dynamic threads enabled?      = 1
3: In parallel?                  = 0
3: Max threads                   = 8
3: N = 3200, Gflop/s 277.304753, Gflop/s per thread 34.663094
3: Nested parallelism supported? = 0
3: Number of processors          = 256
3: Number of threads             = 1
4:  
4: Dynamic threads enabled?      = 1
4: In parallel?                  = 0
4: Max threads                   = 8
4: N = 3200, Gflop/s 285.578891, Gflop/s per thread 35.697361
4: Nested parallelism supported? = 0
4: Number of processors          = 256
4: Number of threads             = 1
5:  
5: Dynamic threads enabled?      = 1
5: In parallel?                  = 0
5: Max threads                   = 8
5: N = 3200, Gflop/s 279.174188, Gflop/s per thread 34.896774
5: Nested parallelism supported? = 0
5: Number of processors          = 256
5: Number of threads             = 1
6:  
6: Dynamic threads enabled?      = 1
6: In parallel?                  = 0
6: Max threads                   = 8
6: N = 3200, Gflop/s 357.744199, Gflop/s per thread 44.718025
6: Nested parallelism supported? = 0
6: Number of processors          = 256
6: Number of threads             = 1
7:  
7: Dynamic threads enabled?      = 1
7: In parallel?                  = 0
7: Max threads                   = 8
7: N = 3200, Gflop/s 363.179716, Gflop/s per thread 45.397465
7: Nested parallelism supported? = 0
7: Number of processors          = 256
7: Number of threads             = 1


========================================
========================================
Measuring Peak Performance full chip THREADS=64
Using: srun -l -u -n 1 -c 64 dgemm 3840 |sort -n
0:  
0: Dynamic threads enabled?      = 1
0: In parallel?                  = 0
0: Max threads                   = 64
0: N = 3840, Gflop/s 1875.075343, Gflop/s per thread 29.298052
0: Nested parallelism supported? = 0
0: Number of processors          = 256
0: Number of threads             = 1


========================================
========================================
Measuring Peak Mem Bandwidth THREADS=8
With srun using: srun -c 64 ./stream
-------------------------------------------------------------
STREAM version $Revision: 5.10 $
-------------------------------------------------------------
This system uses 8 bytes per array element.
-------------------------------------------------------------
Array size = 80000000 (elements), Offset = 0 (elements)
Memory per array = 610.4 MiB (= 0.6 GiB).
Total memory required = 1831.1 MiB (= 1.8 GiB).
Each kernel will be executed 20 times.
 The *best* time for each kernel (excluding the first iteration)
 will be used to compute the reported bandwidth.
-------------------------------------------------------------
Number of Threads requested = 8
Number of Threads counted = 8
-------------------------------------------------------------
Your clock granularity/precision appears to be 1 microseconds.
Each test below will take on the order of 8021 microseconds.
   (= 8021 clock ticks)
Increase the size of the arrays if this shows that
you are not getting at least 20 clock ticks per test.
-------------------------------------------------------------
WARNING -- The above is only a rough guideline.
For best results, please be sure you know the
precision of your system timer.
-------------------------------------------------------------
Function    Best Rate MB/s  Avg time     Min time     Max time
Copy:          182466.4     0.007240     0.007015     0.008463
Scale:         124295.8     0.010478     0.010298     0.010946
Add:           131571.0     0.014905     0.014593     0.015173
Triad:         132067.2     0.014764     0.014538     0.015007
-------------------------------------------------------------
Solution Validates: avg error less than 1.000000e-13 on all three arrays
-------------------------------------------------------------


========================================
========================================
Measuring Peak Mem Bandwidth THREADS=8
With srun using: srun -c 8 ./stream
-------------------------------------------------------------
STREAM version $Revision: 5.10 $
-------------------------------------------------------------
This system uses 8 bytes per array element.
-------------------------------------------------------------
Array size = 80000000 (elements), Offset = 0 (elements)
Memory per array = 610.4 MiB (= 0.6 GiB).
Total memory required = 1831.1 MiB (= 1.8 GiB).
Each kernel will be executed 20 times.
 The *best* time for each kernel (excluding the first iteration)
 will be used to compute the reported bandwidth.
-------------------------------------------------------------
Number of Threads requested = 8
Number of Threads counted = 8
-------------------------------------------------------------
Your clock granularity/precision appears to be 1 microseconds.
Each test below will take on the order of 33524 microseconds.
   (= 33524 clock ticks)
Increase the size of the arrays if this shows that
you are not getting at least 20 clock ticks per test.
-------------------------------------------------------------
WARNING -- The above is only a rough guideline.
For best results, please be sure you know the
precision of your system timer.
-------------------------------------------------------------
Function    Best Rate MB/s  Avg time     Min time     Max time
Copy:           38916.4     0.032980     0.032891     0.033347
Scale:          25378.1     0.050634     0.050437     0.050843
Add:            28166.5     0.068599     0.068166     0.069060
Triad:          27977.3     0.069036     0.068627     0.072534
-------------------------------------------------------------
Solution Validates: avg error less than 1.000000e-13 on all three arrays
-------------------------------------------------------------


========================================
========================================
Measuring Peak Mem Bandwidth THREADS=8
WithOUT srun using: ./stream
-------------------------------------------------------------
STREAM version $Revision: 5.10 $
-------------------------------------------------------------
This system uses 8 bytes per array element.
-------------------------------------------------------------
Array size = 80000000 (elements), Offset = 0 (elements)
Memory per array = 610.4 MiB (= 0.6 GiB).
Total memory required = 1831.1 MiB (= 1.8 GiB).
Each kernel will be executed 20 times.
 The *best* time for each kernel (excluding the first iteration)
 will be used to compute the reported bandwidth.
-------------------------------------------------------------
Number of Threads requested = 8
Number of Threads counted = 8
-------------------------------------------------------------
Your clock granularity/precision appears to be 1 microseconds.
Each test below will take on the order of 7776 microseconds.
   (= 7776 clock ticks)
Increase the size of the arrays if this shows that
you are not getting at least 20 clock ticks per test.
-------------------------------------------------------------
WARNING -- The above is only a rough guideline.
For best results, please be sure you know the
precision of your system timer.
-------------------------------------------------------------
Function    Best Rate MB/s  Avg time     Min time     Max time
Copy:          181252.8     0.007254     0.007062     0.008902
Scale:         124500.5     0.010633     0.010281     0.011436
Add:           128910.9     0.015136     0.014894     0.015481
Triad:         131506.5     0.014921     0.014600     0.015687
-------------------------------------------------------------
Solution Validates: avg error less than 1.000000e-13 on all three arrays
-------------------------------------------------------------


========================================
========================================
Measuring Peak Mem Bandwidth THREADS=64
With srun using: srun -c 64 ./stream
-------------------------------------------------------------
STREAM version $Revision: 5.10 $
-------------------------------------------------------------
This system uses 8 bytes per array element.
-------------------------------------------------------------
Array size = 80000000 (elements), Offset = 0 (elements)
Memory per array = 610.4 MiB (= 0.6 GiB).
Total memory required = 1831.1 MiB (= 1.8 GiB).
Each kernel will be executed 20 times.
 The *best* time for each kernel (excluding the first iteration)
 will be used to compute the reported bandwidth.
-------------------------------------------------------------
Number of Threads requested = 64
Number of Threads counted = 64
-------------------------------------------------------------
Your clock granularity/precision appears to be 1 microseconds.
Each test below will take on the order of 8670 microseconds.
   (= 8670 clock ticks)
Increase the size of the arrays if this shows that
you are not getting at least 20 clock ticks per test.
-------------------------------------------------------------
WARNING -- The above is only a rough guideline.
For best results, please be sure you know the
precision of your system timer.
-------------------------------------------------------------
Function    Best Rate MB/s  Avg time     Min time     Max time
Copy:          135679.7     0.009532     0.009434     0.009809
Scale:         117131.2     0.011040     0.010928     0.011309
Add:           133046.9     0.014522     0.014431     0.014659
Triad:         127642.0     0.015157     0.015042     0.015404
-------------------------------------------------------------
Solution Validates: avg error less than 1.000000e-13 on all three arrays
-------------------------------------------------------------


========================================
========================================
Measuring Peak Mem Bandwidth THREADS=64
With srun using: srun -c 64 ./stream
-------------------------------------------------------------
STREAM version $Revision: 5.10 $
-------------------------------------------------------------
This system uses 8 bytes per array element.
-------------------------------------------------------------
Array size = 80000000 (elements), Offset = 0 (elements)
Memory per array = 610.4 MiB (= 0.6 GiB).
Total memory required = 1831.1 MiB (= 1.8 GiB).
Each kernel will be executed 20 times.
 The *best* time for each kernel (excluding the first iteration)
 will be used to compute the reported bandwidth.
-------------------------------------------------------------
Number of Threads requested = 64
Number of Threads counted = 64
-------------------------------------------------------------
Your clock granularity/precision appears to be 1 microseconds.
Each test below will take on the order of 8583 microseconds.
   (= 8583 clock ticks)
Increase the size of the arrays if this shows that
you are not getting at least 20 clock ticks per test.
-------------------------------------------------------------
WARNING -- The above is only a rough guideline.
For best results, please be sure you know the
precision of your system timer.
-------------------------------------------------------------
Function    Best Rate MB/s  Avg time     Min time     Max time
Copy:          136199.4     0.009493     0.009398     0.009710
Scale:         115899.8     0.011186     0.011044     0.011440
Add:           132917.4     0.014562     0.014445     0.014823
Triad:         127278.9     0.015174     0.015085     0.015300
-------------------------------------------------------------
Solution Validates: avg error less than 1.000000e-13 on all three arrays
-------------------------------------------------------------


========================================
========================================
Measuring Peak Mem Bandwidth THREADS=64
WithOUT srun using: ./stream
-------------------------------------------------------------
STREAM version $Revision: 5.10 $
-------------------------------------------------------------
This system uses 8 bytes per array element.
-------------------------------------------------------------
Array size = 80000000 (elements), Offset = 0 (elements)
Memory per array = 610.4 MiB (= 0.6 GiB).
Total memory required = 1831.1 MiB (= 1.8 GiB).
Each kernel will be executed 20 times.
 The *best* time for each kernel (excluding the first iteration)
 will be used to compute the reported bandwidth.
-------------------------------------------------------------
Number of Threads requested = 64
Number of Threads counted = 64
-------------------------------------------------------------
Your clock granularity/precision appears to be 1 microseconds.
Each test below will take on the order of 8712 microseconds.
   (= 8712 clock ticks)
Increase the size of the arrays if this shows that
you are not getting at least 20 clock ticks per test.
-------------------------------------------------------------
WARNING -- The above is only a rough guideline.
For best results, please be sure you know the
precision of your system timer.
-------------------------------------------------------------
Function    Best Rate MB/s  Avg time     Min time     Max time
Copy:          135576.9     0.009517     0.009441     0.009863
Scale:         116713.6     0.011047     0.010967     0.011591
Add:           132495.3     0.014682     0.014491     0.015004
Triad:         127530.9     0.015131     0.015055     0.015433
-------------------------------------------------------------
Solution Validates: avg error less than 1.000000e-13 on all three arrays
-------------------------------------------------------------


========================================
========================================
Done
