matrices.O0

    Matrix size:      1000
     Iterations:         1
         Method:               matmul1               matmul2               matmul3               matmul4               matmul5 
           Info:        External dgemm        Fortran matmul        Using loops V3        Using loops V4        Using loops V5 
       CPU time:               0.052 s               0.100 s               3.232 s               3.932 s               5.352 s 
   Elapsed time:               0.122 s               0.114 s               3.233 s               3.931 s               5.353 s 

    Matrix size:        20
     Iterations:   1000000
         Method:               matmul1               matmul2               matmul3               matmul4               matmul5 
           Info:        External dgemm        Fortran matmul        Using loops V3        Using loops V4        Using loops V5 
       CPU time:               0.704 s               2.044 s              30.400 s              36.380 s              33.600 s 
   Elapsed time:               0.727 s               2.046 s              30.400 s              36.378 s              33.601 s 

    Matrix size:         3
     Iterations:  10000000
         Method:               matmul1               matmul2               matmul3               matmul4               matmul5 
           Info:        External dgemm        Fortran matmul        Using loops V3        Using loops V4        Using loops V5 
       CPU time:               1.128 s               1.116 s               1.456 s               1.564 s               1.444 s 
   Elapsed time:               1.148 s               1.113 s               1.456 s               1.567 s               1.441 s 
matrix.O1

    Matrix size:      1000
     Iterations:         1
         Method:               matmul1               matmul2               matmul3               matmul4               matmul5 
           Info:        External dgemm        Fortran matmul        Using loops V3        Using loops V4        Using loops V5 
       CPU time:               0.056 s               0.100 s               0.612 s               0.672 s               2.724 s 
   Elapsed time:               0.185 s               0.122 s               0.613 s               0.668 s               2.727 s 

    Matrix size:        20
     Iterations:   1000000
         Method:               matmul1               matmul2               matmul3               matmul4               matmul5 
           Info:        External dgemm        Fortran matmul        Using loops V3        Using loops V4        Using loops V5 
       CPU time:               0.684 s               5.588 s               5.340 s               7.288 s              13.428 s 
   Elapsed time:               0.687 s               5.586 s               5.339 s               7.290 s              13.427 s 

    Matrix size:         3
     Iterations:  10000000
         Method:               matmul1               matmul2               matmul3               matmul4               matmul5 
           Info:        External dgemm        Fortran matmul        Using loops V3        Using loops V4        Using loops V5 
       CPU time:               1.000 s               0.384 s               0.392 s               0.400 s               0.476 s 
   Elapsed time:               1.020 s               0.384 s               0.392 s               0.400 s               0.477 s 
matrix.O2

    Matrix size:      1000
     Iterations:         1
         Method:               matmul1               matmul2               matmul3               matmul4               matmul5 
           Info:        External dgemm        Fortran matmul        Using loops V3        Using loops V4        Using loops V5 
       CPU time:               0.052 s               0.100 s               0.528 s               0.528 s               1.652 s 
   Elapsed time:               0.154 s               0.114 s               0.528 s               0.528 s               1.654 s 

    Matrix size:        20
     Iterations:   1000000
         Method:               matmul1               matmul2               matmul3               matmul4               matmul5 
           Info:        External dgemm        Fortran matmul        Using loops V3        Using loops V4        Using loops V5 
       CPU time:               0.684 s               5.304 s               5.140 s               5.148 s               5.684 s 
   Elapsed time:               0.693 s               5.302 s               5.144 s               5.145 s               5.686 s 

    Matrix size:         3
     Iterations:  10000000
         Method:               matmul1               matmul2               matmul3               matmul4               matmul5 
           Info:        External dgemm        Fortran matmul        Using loops V3        Using loops V4        Using loops V5 
       CPU time:               1.004 s               0.400 s               0.304 s               0.304 s               0.264 s 
   Elapsed time:               1.025 s               0.398 s               0.306 s               0.306 s               0.263 s 
matrix.O3

    Matrix size:      1000
     Iterations:         1
         Method:               matmul1               matmul2               matmul3               matmul4               matmul5 
           Info:        External dgemm        Fortran matmul        Using loops V3        Using loops V4        Using loops V5 
       CPU time:               0.056 s               0.104 s               0.528 s               0.528 s               1.664 s 
   Elapsed time:               0.221 s               0.117 s               0.528 s               0.528 s               1.664 s 

    Matrix size:        20
     Iterations:   1000000
         Method:               matmul1               matmul2               matmul3               matmul4               matmul5 
           Info:        External dgemm        Fortran matmul        Using loops V3        Using loops V4        Using loops V5 
       CPU time:               0.676 s               5.084 s               5.144 s               5.144 s               5.688 s 
   Elapsed time:               0.677 s               5.082 s               5.144 s               5.145 s               5.686 s 

    Matrix size:         3
     Iterations:  10000000
         Method:               matmul1               matmul2               matmul3               matmul4               matmul5 
           Info:        External dgemm        Fortran matmul        Using loops V3        Using loops V4        Using loops V5 
       CPU time:               0.948 s               0.384 s               0.304 s               0.308 s               0.264 s 
   Elapsed time:               0.964 s               0.384 s               0.307 s               0.307 s               0.263 s 
